The system is: Linux - 2.6.32-431.20.3.el6.x86_64 - x86_64
Compiling the C compiler identification source file "CMakeCCompilerId.c" succeeded.
Compiler: /usr/bin/cc 
Build flags: 
Id flags: 

The output was:
0


Compilation of the C compiler identification source "CMakeCCompilerId.c" produced "a.out"

The C compiler identification is GNU, found in "/home/azbret/Projects/hog_svm/dlib-18.12/tools/imglab/build/CMakeFiles/2.8.12.2/CompilerIdC/a.out"

Compiling the CXX compiler identification source file "CMakeCXXCompilerId.cpp" succeeded.
Compiler: /usr/bin/c++ 
Build flags: 
Id flags: 

The output was:
0


Compilation of the CXX compiler identification source "CMakeCXXCompilerId.cpp" produced "a.out"

The CXX compiler identification is GNU, found in "/home/azbret/Projects/hog_svm/dlib-18.12/tools/imglab/build/CMakeFiles/2.8.12.2/CompilerIdCXX/a.out"

Determining if the C compiler works passed with the following output:
Change Dir: /home/azbret/Projects/hog_svm/dlib-18.12/tools/imglab/build/CMakeFiles/CMakeTmp

Run Build Command:/usr/bin/gmake "cmTryCompileExec4076829896/fast"
/usr/bin/gmake -f CMakeFiles/cmTryCompileExec4076829896.dir/build.make CMakeFiles/cmTryCompileExec4076829896.dir/build
gmake[1]: Entering directory `/home/azbret/Projects/hog_svm/dlib-18.12/tools/imglab/build/CMakeFiles/CMakeTmp'
/usr/bin/cmake -E cmake_progress_report /home/azbret/Projects/hog_svm/dlib-18.12/tools/imglab/build/CMakeFiles/CMakeTmp/CMakeFiles 1
Building C object CMakeFiles/cmTryCompileExec4076829896.dir/testCCompiler.c.o
/usr/bin/cc    -o CMakeFiles/cmTryCompileExec4076829896.dir/testCCompiler.c.o   -c /home/azbret/Projects/hog_svm/dlib-18.12/tools/imglab/build/CMakeFiles/CMakeTmp/testCCompiler.c
Linking C executable cmTryCompileExec4076829896
/usr/bin/cmake -E cmake_link_script CMakeFiles/cmTryCompileExec4076829896.dir/link.txt --verbose=1
/usr/bin/cc       CMakeFiles/cmTryCompileExec4076829896.dir/testCCompiler.c.o  -o cmTryCompileExec4076829896 -rdynamic 
gmake[1]: Leaving directory `/home/azbret/Projects/hog_svm/dlib-18.12/tools/imglab/build/CMakeFiles/CMakeTmp'


Detecting C compiler ABI info compiled with the following output:
Change Dir: /home/azbret/Projects/hog_svm/dlib-18.12/tools/imglab/build/CMakeFiles/CMakeTmp

Run Build Command:/usr/bin/gmake "cmTryCompileExec371856392/fast"
/usr/bin/gmake -f CMakeFiles/cmTryCompileExec371856392.dir/build.make CMakeFiles/cmTryCompileExec371856392.dir/build
gmake[1]: Entering directory `/home/azbret/Projects/hog_svm/dlib-18.12/tools/imglab/build/CMakeFiles/CMakeTmp'
/usr/bin/cmake -E cmake_progress_report /home/azbret/Projects/hog_svm/dlib-18.12/tools/imglab/build/CMakeFiles/CMakeTmp/CMakeFiles 1
Building C object CMakeFiles/cmTryCompileExec371856392.dir/CMakeCCompilerABI.c.o
/usr/bin/cc    -o CMakeFiles/cmTryCompileExec371856392.dir/CMakeCCompilerABI.c.o   -c /usr/share/cmake/Modules/CMakeCCompilerABI.c
Linking C executable cmTryCompileExec371856392
/usr/bin/cmake -E cmake_link_script CMakeFiles/cmTryCompileExec371856392.dir/link.txt --verbose=1
/usr/bin/cc     -v CMakeFiles/cmTryCompileExec371856392.dir/CMakeCCompilerABI.c.o  -o cmTryCompileExec371856392 -rdynamic  
Using built-in specs.
Target: x86_64-redhat-linux
Configured with: ../configure --prefix=/usr --mandir=/usr/share/man --infodir=/usr/share/info --with-bugurl=http://bugzilla.redhat.com/bugzilla --enable-bootstrap --enable-shared --enable-threads=posix --enable-checking=release --with-system-zlib --enable-__cxa_atexit --disable-libunwind-exceptions --enable-gnu-unique-object --enable-languages=c,c++,objc,obj-c++,java,fortran,ada --enable-java-awt=gtk --disable-dssi --with-java-home=/usr/lib/jvm/java-1.5.0-gcj-1.5.0.0/jre --enable-libgcj-multifile --enable-java-maintainer-mode --with-ecj-jar=/usr/share/java/eclipse-ecj.jar --disable-libjava-multilib --with-ppl --with-cloog --with-tune=generic --with-arch_32=i686 --build=x86_64-redhat-linux
Thread model: posix
gcc version 4.4.7 20120313 (Red Hat 4.4.7-4) (GCC) 
COMPILER_PATH=/usr/libexec/gcc/x86_64-redhat-linux/4.4.7/:/usr/libexec/gcc/x86_64-redhat-linux/4.4.7/:/usr/libexec/gcc/x86_64-redhat-linux/:/usr/lib/gcc/x86_64-redhat-linux/4.4.7/:/usr/lib/gcc/x86_64-redhat-linux/:/usr/libexec/gcc/x86_64-redhat-linux/4.4.7/:/usr/libexec/gcc/x86_64-redhat-linux/:/usr/lib/gcc/x86_64-redhat-linux/4.4.7/:/usr/lib/gcc/x86_64-redhat-linux/
LIBRARY_PATH=/usr/lib/gcc/x86_64-redhat-linux/4.4.7/:/usr/lib/gcc/x86_64-redhat-linux/4.4.7/:/usr/lib/gcc/x86_64-redhat-linux/4.4.7/../../../../lib64/:/lib/../lib64/:/usr/lib/../lib64/:/usr/lib/gcc/x86_64-redhat-linux/4.4.7/../../../:/lib/:/usr/lib/
COLLECT_GCC_OPTIONS='-v' '-o' 'cmTryCompileExec371856392' '-rdynamic' '-mtune=generic'
 /usr/libexec/gcc/x86_64-redhat-linux/4.4.7/collect2 --eh-frame-hdr --build-id -m elf_x86_64 --hash-style=gnu -export-dynamic -dynamic-linker /lib64/ld-linux-x86-64.so.2 -o cmTryCompileExec371856392 /usr/lib/gcc/x86_64-redhat-linux/4.4.7/../../../../lib64/crt1.o /usr/lib/gcc/x86_64-redhat-linux/4.4.7/../../../../lib64/crti.o /usr/lib/gcc/x86_64-redhat-linux/4.4.7/crtbegin.o -L/usr/lib/gcc/x86_64-redhat-linux/4.4.7 -L/usr/lib/gcc/x86_64-redhat-linux/4.4.7 -L/usr/lib/gcc/x86_64-redhat-linux/4.4.7/../../../../lib64 -L/lib/../lib64 -L/usr/lib/../lib64 -L/usr/lib/gcc/x86_64-redhat-linux/4.4.7/../../.. CMakeFiles/cmTryCompileExec371856392.dir/CMakeCCompilerABI.c.o -lgcc --as-needed -lgcc_s --no-as-needed -lc -lgcc --as-needed -lgcc_s --no-as-needed /usr/lib/gcc/x86_64-redhat-linux/4.4.7/crtend.o /usr/lib/gcc/x86_64-redhat-linux/4.4.7/../../../../lib64/crtn.o
gmake[1]: Leaving directory `/home/azbret/Projects/hog_svm/dlib-18.12/tools/imglab/build/CMakeFiles/CMakeTmp'


Parsed C implicit link information from above output:
  link line regex: [^( *|.*[/\])(ld|([^/\]+-)?ld|collect2)[^/\]*( |$)]
  ignore line: [Change Dir: /home/azbret/Projects/hog_svm/dlib-18.12/tools/imglab/build/CMakeFiles/CMakeTmp]
  ignore line: []
  ignore line: [Run Build Command:/usr/bin/gmake "cmTryCompileExec371856392/fast"]
  ignore line: [/usr/bin/gmake -f CMakeFiles/cmTryCompileExec371856392.dir/build.make CMakeFiles/cmTryCompileExec371856392.dir/build]
  ignore line: [gmake[1]: Entering directory `/home/azbret/Projects/hog_svm/dlib-18.12/tools/imglab/build/CMakeFiles/CMakeTmp']
  ignore line: [/usr/bin/cmake -E cmake_progress_report /home/azbret/Projects/hog_svm/dlib-18.12/tools/imglab/build/CMakeFiles/CMakeTmp/CMakeFiles 1]
  ignore line: [Building C object CMakeFiles/cmTryCompileExec371856392.dir/CMakeCCompilerABI.c.o]
  ignore line: [/usr/bin/cc    -o CMakeFiles/cmTryCompileExec371856392.dir/CMakeCCompilerABI.c.o   -c /usr/share/cmake/Modules/CMakeCCompilerABI.c]
  ignore line: [Linking C executable cmTryCompileExec371856392]
  ignore line: [/usr/bin/cmake -E cmake_link_script CMakeFiles/cmTryCompileExec371856392.dir/link.txt --verbose=1]
  ignore line: [/usr/bin/cc     -v CMakeFiles/cmTryCompileExec371856392.dir/CMakeCCompilerABI.c.o  -o cmTryCompileExec371856392 -rdynamic  ]
  ignore line: [Using built-in specs.]
  ignore line: [Target: x86_64-redhat-linux]
  ignore line: [Configured with: ../configure --prefix=/usr --mandir=/usr/share/man --infodir=/usr/share/info --with-bugurl=http://bugzilla.redhat.com/bugzilla --enable-bootstrap --enable-shared --enable-threads=posix --enable-checking=release --with-system-zlib --enable-__cxa_atexit --disable-libunwind-exceptions --enable-gnu-unique-object --enable-languages=c,c++,objc,obj-c++,java,fortran,ada --enable-java-awt=gtk --disable-dssi --with-java-home=/usr/lib/jvm/java-1.5.0-gcj-1.5.0.0/jre --enable-libgcj-multifile --enable-java-maintainer-mode --with-ecj-jar=/usr/share/java/eclipse-ecj.jar --disable-libjava-multilib --with-ppl --with-cloog --with-tune=generic --with-arch_32=i686 --build=x86_64-redhat-linux]
  ignore line: [Thread model: posix]
  ignore line: [gcc version 4.4.7 20120313 (Red Hat 4.4.7-4) (GCC) ]
  ignore line: [COMPILER_PATH=/usr/libexec/gcc/x86_64-redhat-linux/4.4.7/:/usr/libexec/gcc/x86_64-redhat-linux/4.4.7/:/usr/libexec/gcc/x86_64-redhat-linux/:/usr/lib/gcc/x86_64-redhat-linux/4.4.7/:/usr/lib/gcc/x86_64-redhat-linux/:/usr/libexec/gcc/x86_64-redhat-linux/4.4.7/:/usr/libexec/gcc/x86_64-redhat-linux/:/usr/lib/gcc/x86_64-redhat-linux/4.4.7/:/usr/lib/gcc/x86_64-redhat-linux/]
  ignore line: [LIBRARY_PATH=/usr/lib/gcc/x86_64-redhat-linux/4.4.7/:/usr/lib/gcc/x86_64-redhat-linux/4.4.7/:/usr/lib/gcc/x86_64-redhat-linux/4.4.7/../../../../lib64/:/lib/../lib64/:/usr/lib/../lib64/:/usr/lib/gcc/x86_64-redhat-linux/4.4.7/../../../:/lib/:/usr/lib/]
  ignore line: [COLLECT_GCC_OPTIONS='-v' '-o' 'cmTryCompileExec371856392' '-rdynamic' '-mtune=generic']
  link line: [ /usr/libexec/gcc/x86_64-redhat-linux/4.4.7/collect2 --eh-frame-hdr --build-id -m elf_x86_64 --hash-style=gnu -export-dynamic -dynamic-linker /lib64/ld-linux-x86-64.so.2 -o cmTryCompileExec371856392 /usr/lib/gcc/x86_64-redhat-linux/4.4.7/../../../../lib64/crt1.o /usr/lib/gcc/x86_64-redhat-linux/4.4.7/../../../../lib64/crti.o /usr/lib/gcc/x86_64-redhat-linux/4.4.7/crtbegin.o -L/usr/lib/gcc/x86_64-redhat-linux/4.4.7 -L/usr/lib/gcc/x86_64-redhat-linux/4.4.7 -L/usr/lib/gcc/x86_64-redhat-linux/4.4.7/../../../../lib64 -L/lib/../lib64 -L/usr/lib/../lib64 -L/usr/lib/gcc/x86_64-redhat-linux/4.4.7/../../.. CMakeFiles/cmTryCompileExec371856392.dir/CMakeCCompilerABI.c.o -lgcc --as-needed -lgcc_s --no-as-needed -lc -lgcc --as-needed -lgcc_s --no-as-needed /usr/lib/gcc/x86_64-redhat-linux/4.4.7/crtend.o /usr/lib/gcc/x86_64-redhat-linux/4.4.7/../../../../lib64/crtn.o]
    arg [/usr/libexec/gcc/x86_64-redhat-linux/4.4.7/collect2] ==> ignore
    arg [--eh-frame-hdr] ==> ignore
    arg [--build-id] ==> ignore
    arg [-m] ==> ignore
    arg [elf_x86_64] ==> ignore
    arg [--hash-style=gnu] ==> ignore
    arg [-export-dynamic] ==> ignore
    arg [-dynamic-linker] ==> ignore
    arg [/lib64/ld-linux-x86-64.so.2] ==> ignore
    arg [-o] ==> ignore
    arg [cmTryCompileExec371856392] ==> ignore
    arg [/usr/lib/gcc/x86_64-redhat-linux/4.4.7/../../../../lib64/crt1.o] ==> ignore
    arg [/usr/lib/gcc/x86_64-redhat-linux/4.4.7/../../../../lib64/crti.o] ==> ignore
    arg [/usr/lib/gcc/x86_64-redhat-linux/4.4.7/crtbegin.o] ==> ignore
    arg [-L/usr/lib/gcc/x86_64-redhat-linux/4.4.7] ==> dir [/usr/lib/gcc/x86_64-redhat-linux/4.4.7]
    arg [-L/usr/lib/gcc/x86_64-redhat-linux/4.4.7] ==> dir [/usr/lib/gcc/x86_64-redhat-linux/4.4.7]
    arg [-L/usr/lib/gcc/x86_64-redhat-linux/4.4.7/../../../../lib64] ==> dir [/usr/lib/gcc/x86_64-redhat-linux/4.4.7/../../../../lib64]
    arg [-L/lib/../lib64] ==> dir [/lib/../lib64]
    arg [-L/usr/lib/../lib64] ==> dir [/usr/lib/../lib64]
    arg [-L/usr/lib/gcc/x86_64-redhat-linux/4.4.7/../../..] ==> dir [/usr/lib/gcc/x86_64-redhat-linux/4.4.7/../../..]
    arg [CMakeFiles/cmTryCompileExec371856392.dir/CMakeCCompilerABI.c.o] ==> ignore
    arg [-lgcc] ==> lib [gcc]
    arg [--as-needed] ==> ignore
    arg [-lgcc_s] ==> lib [gcc_s]
    arg [--no-as-needed] ==> ignore
    arg [-lc] ==> lib [c]
    arg [-lgcc] ==> lib [gcc]
    arg [--as-needed] ==> ignore
    arg [-lgcc_s] ==> lib [gcc_s]
    arg [--no-as-needed] ==> ignore
    arg [/usr/lib/gcc/x86_64-redhat-linux/4.4.7/crtend.o] ==> ignore
    arg [/usr/lib/gcc/x86_64-redhat-linux/4.4.7/../../../../lib64/crtn.o] ==> ignore
  remove lib [gcc]
  remove lib [gcc_s]
  remove lib [gcc]
  remove lib [gcc_s]
  collapse library dir [/usr/lib/gcc/x86_64-redhat-linux/4.4.7] ==> [/usr/lib/gcc/x86_64-redhat-linux/4.4.7]
  collapse library dir [/usr/lib/gcc/x86_64-redhat-linux/4.4.7] ==> [/usr/lib/gcc/x86_64-redhat-linux/4.4.7]
  collapse library dir [/usr/lib/gcc/x86_64-redhat-linux/4.4.7/../../../../lib64] ==> [/usr/lib64]
  collapse library dir [/lib/../lib64] ==> [/lib64]
  collapse library dir [/usr/lib/../lib64] ==> [/usr/lib64]
  collapse library dir [/usr/lib/gcc/x86_64-redhat-linux/4.4.7/../../..] ==> [/usr/lib]
  implicit libs: [c]
  implicit dirs: [/usr/lib/gcc/x86_64-redhat-linux/4.4.7;/usr/lib64;/lib64;/usr/lib]
  implicit fwks: []


Determining if the CXX compiler works passed with the following output:
Change Dir: /home/azbret/Projects/hog_svm/dlib-18.12/tools/imglab/build/CMakeFiles/CMakeTmp

Run Build Command:/usr/bin/gmake "cmTryCompileExec639606252/fast"
/usr/bin/gmake -f CMakeFiles/cmTryCompileExec639606252.dir/build.make CMakeFiles/cmTryCompileExec639606252.dir/build
gmake[1]: Entering directory `/home/azbret/Projects/hog_svm/dlib-18.12/tools/imglab/build/CMakeFiles/CMakeTmp'
/usr/bin/cmake -E cmake_progress_report /home/azbret/Projects/hog_svm/dlib-18.12/tools/imglab/build/CMakeFiles/CMakeTmp/CMakeFiles 1
Building CXX object CMakeFiles/cmTryCompileExec639606252.dir/testCXXCompiler.cxx.o
/usr/bin/c++     -o CMakeFiles/cmTryCompileExec639606252.dir/testCXXCompiler.cxx.o -c /home/azbret/Projects/hog_svm/dlib-18.12/tools/imglab/build/CMakeFiles/CMakeTmp/testCXXCompiler.cxx
Linking CXX executable cmTryCompileExec639606252
/usr/bin/cmake -E cmake_link_script CMakeFiles/cmTryCompileExec639606252.dir/link.txt --verbose=1
/usr/bin/c++        CMakeFiles/cmTryCompileExec639606252.dir/testCXXCompiler.cxx.o  -o cmTryCompileExec639606252 -rdynamic 
gmake[1]: Leaving directory `/home/azbret/Projects/hog_svm/dlib-18.12/tools/imglab/build/CMakeFiles/CMakeTmp'


Detecting CXX compiler ABI info compiled with the following output:
Change Dir: /home/azbret/Projects/hog_svm/dlib-18.12/tools/imglab/build/CMakeFiles/CMakeTmp

Run Build Command:/usr/bin/gmake "cmTryCompileExec1059607340/fast"
/usr/bin/gmake -f CMakeFiles/cmTryCompileExec1059607340.dir/build.make CMakeFiles/cmTryCompileExec1059607340.dir/build
gmake[1]: Entering directory `/home/azbret/Projects/hog_svm/dlib-18.12/tools/imglab/build/CMakeFiles/CMakeTmp'
/usr/bin/cmake -E cmake_progress_report /home/azbret/Projects/hog_svm/dlib-18.12/tools/imglab/build/CMakeFiles/CMakeTmp/CMakeFiles 1
Building CXX object CMakeFiles/cmTryCompileExec1059607340.dir/CMakeCXXCompilerABI.cpp.o
/usr/bin/c++     -o CMakeFiles/cmTryCompileExec1059607340.dir/CMakeCXXCompilerABI.cpp.o -c /usr/share/cmake/Modules/CMakeCXXCompilerABI.cpp
Linking CXX executable cmTryCompileExec1059607340
/usr/bin/cmake -E cmake_link_script CMakeFiles/cmTryCompileExec1059607340.dir/link.txt --verbose=1
/usr/bin/c++      -v CMakeFiles/cmTryCompileExec1059607340.dir/CMakeCXXCompilerABI.cpp.o  -o cmTryCompileExec1059607340 -rdynamic  
Using built-in specs.
Target: x86_64-redhat-linux
Configured with: ../configure --prefix=/usr --mandir=/usr/share/man --infodir=/usr/share/info --with-bugurl=http://bugzilla.redhat.com/bugzilla --enable-bootstrap --enable-shared --enable-threads=posix --enable-checking=release --with-system-zlib --enable-__cxa_atexit --disable-libunwind-exceptions --enable-gnu-unique-object --enable-languages=c,c++,objc,obj-c++,java,fortran,ada --enable-java-awt=gtk --disable-dssi --with-java-home=/usr/lib/jvm/java-1.5.0-gcj-1.5.0.0/jre --enable-libgcj-multifile --enable-java-maintainer-mode --with-ecj-jar=/usr/share/java/eclipse-ecj.jar --disable-libjava-multilib --with-ppl --with-cloog --with-tune=generic --with-arch_32=i686 --build=x86_64-redhat-linux
Thread model: posix
gcc version 4.4.7 20120313 (Red Hat 4.4.7-4) (GCC) 
COMPILER_PATH=/usr/libexec/gcc/x86_64-redhat-linux/4.4.7/:/usr/libexec/gcc/x86_64-redhat-linux/4.4.7/:/usr/libexec/gcc/x86_64-redhat-linux/:/usr/lib/gcc/x86_64-redhat-linux/4.4.7/:/usr/lib/gcc/x86_64-redhat-linux/:/usr/libexec/gcc/x86_64-redhat-linux/4.4.7/:/usr/libexec/gcc/x86_64-redhat-linux/:/usr/lib/gcc/x86_64-redhat-linux/4.4.7/:/usr/lib/gcc/x86_64-redhat-linux/
LIBRARY_PATH=/usr/lib/gcc/x86_64-redhat-linux/4.4.7/:/usr/lib/gcc/x86_64-redhat-linux/4.4.7/:/usr/lib/gcc/x86_64-redhat-linux/4.4.7/../../../../lib64/:/lib/../lib64/:/usr/lib/../lib64/:/usr/lib/gcc/x86_64-redhat-linux/4.4.7/../../../:/lib/:/usr/lib/
COLLECT_GCC_OPTIONS='-v' '-o' 'cmTryCompileExec1059607340' '-rdynamic' '-shared-libgcc' '-mtune=generic'
 /usr/libexec/gcc/x86_64-redhat-linux/4.4.7/collect2 --eh-frame-hdr --build-id -m elf_x86_64 --hash-style=gnu -export-dynamic -dynamic-linker /lib64/ld-linux-x86-64.so.2 -o cmTryCompileExec1059607340 /usr/lib/gcc/x86_64-redhat-linux/4.4.7/../../../../lib64/crt1.o /usr/lib/gcc/x86_64-redhat-linux/4.4.7/../../../../lib64/crti.o /usr/lib/gcc/x86_64-redhat-linux/4.4.7/crtbegin.o -L/usr/lib/gcc/x86_64-redhat-linux/4.4.7 -L/usr/lib/gcc/x86_64-redhat-linux/4.4.7 -L/usr/lib/gcc/x86_64-redhat-linux/4.4.7/../../../../lib64 -L/lib/../lib64 -L/usr/lib/../lib64 -L/usr/lib/gcc/x86_64-redhat-linux/4.4.7/../../.. CMakeFiles/cmTryCompileExec1059607340.dir/CMakeCXXCompilerABI.cpp.o -lstdc++ -lm -lgcc_s -lgcc -lc -lgcc_s -lgcc /usr/lib/gcc/x86_64-redhat-linux/4.4.7/crtend.o /usr/lib/gcc/x86_64-redhat-linux/4.4.7/../../../../lib64/crtn.o
gmake[1]: Leaving directory `/home/azbret/Projects/hog_svm/dlib-18.12/tools/imglab/build/CMakeFiles/CMakeTmp'


Parsed CXX implicit link information from above output:
  link line regex: [^( *|.*[/\])(ld|([^/\]+-)?ld|collect2)[^/\]*( |$)]
  ignore line: [Change Dir: /home/azbret/Projects/hog_svm/dlib-18.12/tools/imglab/build/CMakeFiles/CMakeTmp]
  ignore line: []
  ignore line: [Run Build Command:/usr/bin/gmake "cmTryCompileExec1059607340/fast"]
  ignore line: [/usr/bin/gmake -f CMakeFiles/cmTryCompileExec1059607340.dir/build.make CMakeFiles/cmTryCompileExec1059607340.dir/build]
  ignore line: [gmake[1]: Entering directory `/home/azbret/Projects/hog_svm/dlib-18.12/tools/imglab/build/CMakeFiles/CMakeTmp']
  ignore line: [/usr/bin/cmake -E cmake_progress_report /home/azbret/Projects/hog_svm/dlib-18.12/tools/imglab/build/CMakeFiles/CMakeTmp/CMakeFiles 1]
  ignore line: [Building CXX object CMakeFiles/cmTryCompileExec1059607340.dir/CMakeCXXCompilerABI.cpp.o]
  ignore line: [/usr/bin/c++     -o CMakeFiles/cmTryCompileExec1059607340.dir/CMakeCXXCompilerABI.cpp.o -c /usr/share/cmake/Modules/CMakeCXXCompilerABI.cpp]
  ignore line: [Linking CXX executable cmTryCompileExec1059607340]
  ignore line: [/usr/bin/cmake -E cmake_link_script CMakeFiles/cmTryCompileExec1059607340.dir/link.txt --verbose=1]
  ignore line: [/usr/bin/c++      -v CMakeFiles/cmTryCompileExec1059607340.dir/CMakeCXXCompilerABI.cpp.o  -o cmTryCompileExec1059607340 -rdynamic  ]
  ignore line: [Using built-in specs.]
  ignore line: [Target: x86_64-redhat-linux]
  ignore line: [Configured with: ../configure --prefix=/usr --mandir=/usr/share/man --infodir=/usr/share/info --with-bugurl=http://bugzilla.redhat.com/bugzilla --enable-bootstrap --enable-shared --enable-threads=posix --enable-checking=release --with-system-zlib --enable-__cxa_atexit --disable-libunwind-exceptions --enable-gnu-unique-object --enable-languages=c,c++,objc,obj-c++,java,fortran,ada --enable-java-awt=gtk --disable-dssi --with-java-home=/usr/lib/jvm/java-1.5.0-gcj-1.5.0.0/jre --enable-libgcj-multifile --enable-java-maintainer-mode --with-ecj-jar=/usr/share/java/eclipse-ecj.jar --disable-libjava-multilib --with-ppl --with-cloog --with-tune=generic --with-arch_32=i686 --build=x86_64-redhat-linux]
  ignore line: [Thread model: posix]
  ignore line: [gcc version 4.4.7 20120313 (Red Hat 4.4.7-4) (GCC) ]
  ignore line: [COMPILER_PATH=/usr/libexec/gcc/x86_64-redhat-linux/4.4.7/:/usr/libexec/gcc/x86_64-redhat-linux/4.4.7/:/usr/libexec/gcc/x86_64-redhat-linux/:/usr/lib/gcc/x86_64-redhat-linux/4.4.7/:/usr/lib/gcc/x86_64-redhat-linux/:/usr/libexec/gcc/x86_64-redhat-linux/4.4.7/:/usr/libexec/gcc/x86_64-redhat-linux/:/usr/lib/gcc/x86_64-redhat-linux/4.4.7/:/usr/lib/gcc/x86_64-redhat-linux/]
  ignore line: [LIBRARY_PATH=/usr/lib/gcc/x86_64-redhat-linux/4.4.7/:/usr/lib/gcc/x86_64-redhat-linux/4.4.7/:/usr/lib/gcc/x86_64-redhat-linux/4.4.7/../../../../lib64/:/lib/../lib64/:/usr/lib/../lib64/:/usr/lib/gcc/x86_64-redhat-linux/4.4.7/../../../:/lib/:/usr/lib/]
  ignore line: [COLLECT_GCC_OPTIONS='-v' '-o' 'cmTryCompileExec1059607340' '-rdynamic' '-shared-libgcc' '-mtune=generic']
  link line: [ /usr/libexec/gcc/x86_64-redhat-linux/4.4.7/collect2 --eh-frame-hdr --build-id -m elf_x86_64 --hash-style=gnu -export-dynamic -dynamic-linker /lib64/ld-linux-x86-64.so.2 -o cmTryCompileExec1059607340 /usr/lib/gcc/x86_64-redhat-linux/4.4.7/../../../../lib64/crt1.o /usr/lib/gcc/x86_64-redhat-linux/4.4.7/../../../../lib64/crti.o /usr/lib/gcc/x86_64-redhat-linux/4.4.7/crtbegin.o -L/usr/lib/gcc/x86_64-redhat-linux/4.4.7 -L/usr/lib/gcc/x86_64-redhat-linux/4.4.7 -L/usr/lib/gcc/x86_64-redhat-linux/4.4.7/../../../../lib64 -L/lib/../lib64 -L/usr/lib/../lib64 -L/usr/lib/gcc/x86_64-redhat-linux/4.4.7/../../.. CMakeFiles/cmTryCompileExec1059607340.dir/CMakeCXXCompilerABI.cpp.o -lstdc++ -lm -lgcc_s -lgcc -lc -lgcc_s -lgcc /usr/lib/gcc/x86_64-redhat-linux/4.4.7/crtend.o /usr/lib/gcc/x86_64-redhat-linux/4.4.7/../../../../lib64/crtn.o]
    arg [/usr/libexec/gcc/x86_64-redhat-linux/4.4.7/collect2] ==> ignore
    arg [--eh-frame-hdr] ==> ignore
    arg [--build-id] ==> ignore
    arg [-m] ==> ignore
    arg [elf_x86_64] ==> ignore
    arg [--hash-style=gnu] ==> ignore
    arg [-export-dynamic] ==> ignore
    arg [-dynamic-linker] ==> ignore
    arg [/lib64/ld-linux-x86-64.so.2] ==> ignore
    arg [-o] ==> ignore
    arg [cmTryCompileExec1059607340] ==> ignore
    arg [/usr/lib/gcc/x86_64-redhat-linux/4.4.7/../../../../lib64/crt1.o] ==> ignore
    arg [/usr/lib/gcc/x86_64-redhat-linux/4.4.7/../../../../lib64/crti.o] ==> ignore
    arg [/usr/lib/gcc/x86_64-redhat-linux/4.4.7/crtbegin.o] ==> ignore
    arg [-L/usr/lib/gcc/x86_64-redhat-linux/4.4.7] ==> dir [/usr/lib/gcc/x86_64-redhat-linux/4.4.7]
    arg [-L/usr/lib/gcc/x86_64-redhat-linux/4.4.7] ==> dir [/usr/lib/gcc/x86_64-redhat-linux/4.4.7]
    arg [-L/usr/lib/gcc/x86_64-redhat-linux/4.4.7/../../../../lib64] ==> dir [/usr/lib/gcc/x86_64-redhat-linux/4.4.7/../../../../lib64]
    arg [-L/lib/../lib64] ==> dir [/lib/../lib64]
    arg [-L/usr/lib/../lib64] ==> dir [/usr/lib/../lib64]
    arg [-L/usr/lib/gcc/x86_64-redhat-linux/4.4.7/../../..] ==> dir [/usr/lib/gcc/x86_64-redhat-linux/4.4.7/../../..]
    arg [CMakeFiles/cmTryCompileExec1059607340.dir/CMakeCXXCompilerABI.cpp.o] ==> ignore
    arg [-lstdc++] ==> lib [stdc++]
    arg [-lm] ==> lib [m]
    arg [-lgcc_s] ==> lib [gcc_s]
    arg [-lgcc] ==> lib [gcc]
    arg [-lc] ==> lib [c]
    arg [-lgcc_s] ==> lib [gcc_s]
    arg [-lgcc] ==> lib [gcc]
    arg [/usr/lib/gcc/x86_64-redhat-linux/4.4.7/crtend.o] ==> ignore
    arg [/usr/lib/gcc/x86_64-redhat-linux/4.4.7/../../../../lib64/crtn.o] ==> ignore
  remove lib [gcc_s]
  remove lib [gcc]
  remove lib [gcc_s]
  remove lib [gcc]
  collapse library dir [/usr/lib/gcc/x86_64-redhat-linux/4.4.7] ==> [/usr/lib/gcc/x86_64-redhat-linux/4.4.7]
  collapse library dir [/usr/lib/gcc/x86_64-redhat-linux/4.4.7] ==> [/usr/lib/gcc/x86_64-redhat-linux/4.4.7]
  collapse library dir [/usr/lib/gcc/x86_64-redhat-linux/4.4.7/../../../../lib64] ==> [/usr/lib64]
  collapse library dir [/lib/../lib64] ==> [/lib64]
  collapse library dir [/usr/lib/../lib64] ==> [/usr/lib64]
  collapse library dir [/usr/lib/gcc/x86_64-redhat-linux/4.4.7/../../..] ==> [/usr/lib]
  implicit libs: [stdc++;m;c]
  implicit dirs: [/usr/lib/gcc/x86_64-redhat-linux/4.4.7;/usr/lib64;/lib64;/usr/lib]
  implicit fwks: []


Determining if the function XOpenDisplay exists in the /usr/lib64/libX11.so;/usr/lib64/libXext.so passed with the following output:
Change Dir: /home/azbret/Projects/hog_svm/dlib-18.12/tools/imglab/build/CMakeFiles/CMakeTmp

Run Build Command:/usr/bin/gmake "cmTryCompileExec6388437/fast"
/usr/bin/gmake -f CMakeFiles/cmTryCompileExec6388437.dir/build.make CMakeFiles/cmTryCompileExec6388437.dir/build
gmake[1]: Entering directory `/home/azbret/Projects/hog_svm/dlib-18.12/tools/imglab/build/CMakeFiles/CMakeTmp'
/usr/bin/cmake -E cmake_progress_report /home/azbret/Projects/hog_svm/dlib-18.12/tools/imglab/build/CMakeFiles/CMakeTmp/CMakeFiles 1
Building C object CMakeFiles/cmTryCompileExec6388437.dir/CheckFunctionExists.c.o
/usr/bin/cc   -DCHECK_FUNCTION_EXISTS=XOpenDisplay   -o CMakeFiles/cmTryCompileExec6388437.dir/CheckFunctionExists.c.o   -c /usr/share/cmake/Modules/CheckFunctionExists.c
Linking C executable cmTryCompileExec6388437
/usr/bin/cmake -E cmake_link_script CMakeFiles/cmTryCompileExec6388437.dir/link.txt --verbose=1
/usr/bin/cc   -DCHECK_FUNCTION_EXISTS=XOpenDisplay    CMakeFiles/cmTryCompileExec6388437.dir/CheckFunctionExists.c.o  -o cmTryCompileExec6388437 -rdynamic -lX11 -lXext 
gmake[1]: Leaving directory `/home/azbret/Projects/hog_svm/dlib-18.12/tools/imglab/build/CMakeFiles/CMakeTmp'


Determining if the function gethostbyname exists passed with the following output:
Change Dir: /home/azbret/Projects/hog_svm/dlib-18.12/tools/imglab/build/CMakeFiles/CMakeTmp

Run Build Command:/usr/bin/gmake "cmTryCompileExec2429987180/fast"
/usr/bin/gmake -f CMakeFiles/cmTryCompileExec2429987180.dir/build.make CMakeFiles/cmTryCompileExec2429987180.dir/build
gmake[1]: Entering directory `/home/azbret/Projects/hog_svm/dlib-18.12/tools/imglab/build/CMakeFiles/CMakeTmp'
/usr/bin/cmake -E cmake_progress_report /home/azbret/Projects/hog_svm/dlib-18.12/tools/imglab/build/CMakeFiles/CMakeTmp/CMakeFiles 1
Building C object CMakeFiles/cmTryCompileExec2429987180.dir/CheckFunctionExists.c.o
/usr/bin/cc   -DCHECK_FUNCTION_EXISTS=gethostbyname   -o CMakeFiles/cmTryCompileExec2429987180.dir/CheckFunctionExists.c.o   -c /usr/share/cmake/Modules/CheckFunctionExists.c
Linking C executable cmTryCompileExec2429987180
/usr/bin/cmake -E cmake_link_script CMakeFiles/cmTryCompileExec2429987180.dir/link.txt --verbose=1
/usr/bin/cc   -DCHECK_FUNCTION_EXISTS=gethostbyname    CMakeFiles/cmTryCompileExec2429987180.dir/CheckFunctionExists.c.o  -o cmTryCompileExec2429987180 -rdynamic 
gmake[1]: Leaving directory `/home/azbret/Projects/hog_svm/dlib-18.12/tools/imglab/build/CMakeFiles/CMakeTmp'


Determining if the function connect exists passed with the following output:
Change Dir: /home/azbret/Projects/hog_svm/dlib-18.12/tools/imglab/build/CMakeFiles/CMakeTmp

Run Build Command:/usr/bin/gmake "cmTryCompileExec632369023/fast"
/usr/bin/gmake -f CMakeFiles/cmTryCompileExec632369023.dir/build.make CMakeFiles/cmTryCompileExec632369023.dir/build
gmake[1]: Entering directory `/home/azbret/Projects/hog_svm/dlib-18.12/tools/imglab/build/CMakeFiles/CMakeTmp'
/usr/bin/cmake -E cmake_progress_report /home/azbret/Projects/hog_svm/dlib-18.12/tools/imglab/build/CMakeFiles/CMakeTmp/CMakeFiles 1
Building C object CMakeFiles/cmTryCompileExec632369023.dir/CheckFunctionExists.c.o
/usr/bin/cc   -DCHECK_FUNCTION_EXISTS=connect   -o CMakeFiles/cmTryCompileExec632369023.dir/CheckFunctionExists.c.o   -c /usr/share/cmake/Modules/CheckFunctionExists.c
Linking C executable cmTryCompileExec632369023
/usr/bin/cmake -E cmake_link_script CMakeFiles/cmTryCompileExec632369023.dir/link.txt --verbose=1
/usr/bin/cc   -DCHECK_FUNCTION_EXISTS=connect    CMakeFiles/cmTryCompileExec632369023.dir/CheckFunctionExists.c.o  -o cmTryCompileExec632369023 -rdynamic 
gmake[1]: Leaving directory `/home/azbret/Projects/hog_svm/dlib-18.12/tools/imglab/build/CMakeFiles/CMakeTmp'


Determining if the function remove exists passed with the following output:
Change Dir: /home/azbret/Projects/hog_svm/dlib-18.12/tools/imglab/build/CMakeFiles/CMakeTmp

Run Build Command:/usr/bin/gmake "cmTryCompileExec3493636339/fast"
/usr/bin/gmake -f CMakeFiles/cmTryCompileExec3493636339.dir/build.make CMakeFiles/cmTryCompileExec3493636339.dir/build
gmake[1]: Entering directory `/home/azbret/Projects/hog_svm/dlib-18.12/tools/imglab/build/CMakeFiles/CMakeTmp'
/usr/bin/cmake -E cmake_progress_report /home/azbret/Projects/hog_svm/dlib-18.12/tools/imglab/build/CMakeFiles/CMakeTmp/CMakeFiles 1
Building C object CMakeFiles/cmTryCompileExec3493636339.dir/CheckFunctionExists.c.o
/usr/bin/cc   -DCHECK_FUNCTION_EXISTS=remove   -o CMakeFiles/cmTryCompileExec3493636339.dir/CheckFunctionExists.c.o   -c /usr/share/cmake/Modules/CheckFunctionExists.c
Linking C executable cmTryCompileExec3493636339
/usr/bin/cmake -E cmake_link_script CMakeFiles/cmTryCompileExec3493636339.dir/link.txt --verbose=1
/usr/bin/cc   -DCHECK_FUNCTION_EXISTS=remove    CMakeFiles/cmTryCompileExec3493636339.dir/CheckFunctionExists.c.o  -o cmTryCompileExec3493636339 -rdynamic 
gmake[1]: Leaving directory `/home/azbret/Projects/hog_svm/dlib-18.12/tools/imglab/build/CMakeFiles/CMakeTmp'


Determining if the function shmat exists passed with the following output:
Change Dir: /home/azbret/Projects/hog_svm/dlib-18.12/tools/imglab/build/CMakeFiles/CMakeTmp

Run Build Command:/usr/bin/gmake "cmTryCompileExec809132293/fast"
/usr/bin/gmake -f CMakeFiles/cmTryCompileExec809132293.dir/build.make CMakeFiles/cmTryCompileExec809132293.dir/build
gmake[1]: Entering directory `/home/azbret/Projects/hog_svm/dlib-18.12/tools/imglab/build/CMakeFiles/CMakeTmp'
/usr/bin/cmake -E cmake_progress_report /home/azbret/Projects/hog_svm/dlib-18.12/tools/imglab/build/CMakeFiles/CMakeTmp/CMakeFiles 1
Building C object CMakeFiles/cmTryCompileExec809132293.dir/CheckFunctionExists.c.o
/usr/bin/cc   -DCHECK_FUNCTION_EXISTS=shmat   -o CMakeFiles/cmTryCompileExec809132293.dir/CheckFunctionExists.c.o   -c /usr/share/cmake/Modules/CheckFunctionExists.c
Linking C executable cmTryCompileExec809132293
/usr/bin/cmake -E cmake_link_script CMakeFiles/cmTryCompileExec809132293.dir/link.txt --verbose=1
/usr/bin/cc   -DCHECK_FUNCTION_EXISTS=shmat    CMakeFiles/cmTryCompileExec809132293.dir/CheckFunctionExists.c.o  -o cmTryCompileExec809132293 -rdynamic 
gmake[1]: Leaving directory `/home/azbret/Projects/hog_svm/dlib-18.12/tools/imglab/build/CMakeFiles/CMakeTmp'


Determining if the function IceConnectionNumber exists in the ICE passed with the following output:
Change Dir: /home/azbret/Projects/hog_svm/dlib-18.12/tools/imglab/build/CMakeFiles/CMakeTmp

Run Build Command:/usr/bin/gmake "cmTryCompileExec3994657498/fast"
/usr/bin/gmake -f CMakeFiles/cmTryCompileExec3994657498.dir/build.make CMakeFiles/cmTryCompileExec3994657498.dir/build
gmake[1]: Entering directory `/home/azbret/Projects/hog_svm/dlib-18.12/tools/imglab/build/CMakeFiles/CMakeTmp'
/usr/bin/cmake -E cmake_progress_report /home/azbret/Projects/hog_svm/dlib-18.12/tools/imglab/build/CMakeFiles/CMakeTmp/CMakeFiles 1
Building C object CMakeFiles/cmTryCompileExec3994657498.dir/CheckFunctionExists.c.o
/usr/bin/cc   -DCHECK_FUNCTION_EXISTS=IceConnectionNumber   -o CMakeFiles/cmTryCompileExec3994657498.dir/CheckFunctionExists.c.o   -c /usr/share/cmake/Modules/CheckFunctionExists.c
Linking C executable cmTryCompileExec3994657498
/usr/bin/cmake -E cmake_link_script CMakeFiles/cmTryCompileExec3994657498.dir/link.txt --verbose=1
/usr/bin/cc   -DCHECK_FUNCTION_EXISTS=IceConnectionNumber    CMakeFiles/cmTryCompileExec3994657498.dir/CheckFunctionExists.c.o  -o cmTryCompileExec3994657498 -rdynamic -lICE 
gmake[1]: Leaving directory `/home/azbret/Projects/hog_svm/dlib-18.12/tools/imglab/build/CMakeFiles/CMakeTmp'


Determining if the include file sys/types.h exists passed with the following output:
Change Dir: /home/azbret/Projects/hog_svm/dlib-18.12/tools/imglab/build/CMakeFiles/CMakeTmp

Run Build Command:/usr/bin/gmake "cmTryCompileExec2748953442/fast"
/usr/bin/gmake -f CMakeFiles/cmTryCompileExec2748953442.dir/build.make CMakeFiles/cmTryCompileExec2748953442.dir/build
gmake[1]: Entering directory `/home/azbret/Projects/hog_svm/dlib-18.12/tools/imglab/build/CMakeFiles/CMakeTmp'
/usr/bin/cmake -E cmake_progress_report /home/azbret/Projects/hog_svm/dlib-18.12/tools/imglab/build/CMakeFiles/CMakeTmp/CMakeFiles 1
Building C object CMakeFiles/cmTryCompileExec2748953442.dir/CheckIncludeFile.c.o
/usr/bin/cc    -o CMakeFiles/cmTryCompileExec2748953442.dir/CheckIncludeFile.c.o   -c /home/azbret/Projects/hog_svm/dlib-18.12/tools/imglab/build/CMakeFiles/CMakeTmp/CheckIncludeFile.c
Linking C executable cmTryCompileExec2748953442
/usr/bin/cmake -E cmake_link_script CMakeFiles/cmTryCompileExec2748953442.dir/link.txt --verbose=1
/usr/bin/cc       CMakeFiles/cmTryCompileExec2748953442.dir/CheckIncludeFile.c.o  -o cmTryCompileExec2748953442 -rdynamic 
gmake[1]: Leaving directory `/home/azbret/Projects/hog_svm/dlib-18.12/tools/imglab/build/CMakeFiles/CMakeTmp'


Determining if the include file stdint.h exists passed with the following output:
Change Dir: /home/azbret/Projects/hog_svm/dlib-18.12/tools/imglab/build/CMakeFiles/CMakeTmp

Run Build Command:/usr/bin/gmake "cmTryCompileExec1407208644/fast"
/usr/bin/gmake -f CMakeFiles/cmTryCompileExec1407208644.dir/build.make CMakeFiles/cmTryCompileExec1407208644.dir/build
gmake[1]: Entering directory `/home/azbret/Projects/hog_svm/dlib-18.12/tools/imglab/build/CMakeFiles/CMakeTmp'
/usr/bin/cmake -E cmake_progress_report /home/azbret/Projects/hog_svm/dlib-18.12/tools/imglab/build/CMakeFiles/CMakeTmp/CMakeFiles 1
Building C object CMakeFiles/cmTryCompileExec1407208644.dir/CheckIncludeFile.c.o
/usr/bin/cc    -o CMakeFiles/cmTryCompileExec1407208644.dir/CheckIncludeFile.c.o   -c /home/azbret/Projects/hog_svm/dlib-18.12/tools/imglab/build/CMakeFiles/CMakeTmp/CheckIncludeFile.c
Linking C executable cmTryCompileExec1407208644
/usr/bin/cmake -E cmake_link_script CMakeFiles/cmTryCompileExec1407208644.dir/link.txt --verbose=1
/usr/bin/cc       CMakeFiles/cmTryCompileExec1407208644.dir/CheckIncludeFile.c.o  -o cmTryCompileExec1407208644 -rdynamic 
gmake[1]: Leaving directory `/home/azbret/Projects/hog_svm/dlib-18.12/tools/imglab/build/CMakeFiles/CMakeTmp'


Determining if the include file stddef.h exists passed with the following output:
Change Dir: /home/azbret/Projects/hog_svm/dlib-18.12/tools/imglab/build/CMakeFiles/CMakeTmp

Run Build Command:/usr/bin/gmake "cmTryCompileExec2358494768/fast"
/usr/bin/gmake -f CMakeFiles/cmTryCompileExec2358494768.dir/build.make CMakeFiles/cmTryCompileExec2358494768.dir/build
gmake[1]: Entering directory `/home/azbret/Projects/hog_svm/dlib-18.12/tools/imglab/build/CMakeFiles/CMakeTmp'
/usr/bin/cmake -E cmake_progress_report /home/azbret/Projects/hog_svm/dlib-18.12/tools/imglab/build/CMakeFiles/CMakeTmp/CMakeFiles 1
Building C object CMakeFiles/cmTryCompileExec2358494768.dir/CheckIncludeFile.c.o
/usr/bin/cc    -o CMakeFiles/cmTryCompileExec2358494768.dir/CheckIncludeFile.c.o   -c /home/azbret/Projects/hog_svm/dlib-18.12/tools/imglab/build/CMakeFiles/CMakeTmp/CheckIncludeFile.c
Linking C executable cmTryCompileExec2358494768
/usr/bin/cmake -E cmake_link_script CMakeFiles/cmTryCompileExec2358494768.dir/link.txt --verbose=1
/usr/bin/cc       CMakeFiles/cmTryCompileExec2358494768.dir/CheckIncludeFile.c.o  -o cmTryCompileExec2358494768 -rdynamic 
gmake[1]: Leaving directory `/home/azbret/Projects/hog_svm/dlib-18.12/tools/imglab/build/CMakeFiles/CMakeTmp'


Determining size of void* passed with the following output:
Change Dir: /home/azbret/Projects/hog_svm/dlib-18.12/tools/imglab/build/CMakeFiles/CMakeTmp

Run Build Command:/usr/bin/gmake "cmTryCompileExec21053361/fast"
/usr/bin/gmake -f CMakeFiles/cmTryCompileExec21053361.dir/build.make CMakeFiles/cmTryCompileExec21053361.dir/build
gmake[1]: Entering directory `/home/azbret/Projects/hog_svm/dlib-18.12/tools/imglab/build/CMakeFiles/CMakeTmp'
/usr/bin/cmake -E cmake_progress_report /home/azbret/Projects/hog_svm/dlib-18.12/tools/imglab/build/CMakeFiles/CMakeTmp/CMakeFiles 1
Building C object CMakeFiles/cmTryCompileExec21053361.dir/SIZE_OF_VOID_PTR.c.o
/usr/bin/cc    -o CMakeFiles/cmTryCompileExec21053361.dir/SIZE_OF_VOID_PTR.c.o   -c /home/azbret/Projects/hog_svm/dlib-18.12/tools/imglab/build/CMakeFiles/CheckTypeSize/SIZE_OF_VOID_PTR.c
Linking C executable cmTryCompileExec21053361
/usr/bin/cmake -E cmake_link_script CMakeFiles/cmTryCompileExec21053361.dir/link.txt --verbose=1
/usr/bin/cc       CMakeFiles/cmTryCompileExec21053361.dir/SIZE_OF_VOID_PTR.c.o  -o cmTryCompileExec21053361 -rdynamic 
gmake[1]: Leaving directory `/home/azbret/Projects/hog_svm/dlib-18.12/tools/imglab/build/CMakeFiles/CMakeTmp'


Determining if the CXX compiler has std namespace passed with the following output:
Change Dir: /home/azbret/Projects/hog_svm/dlib-18.12/tools/imglab/build/CMakeFiles/CMakeTmp

Run Build Command:/usr/bin/gmake "cmTryCompileExec2962401128/fast"
/usr/bin/gmake -f CMakeFiles/cmTryCompileExec2962401128.dir/build.make CMakeFiles/cmTryCompileExec2962401128.dir/build
gmake[1]: Entering directory `/home/azbret/Projects/hog_svm/dlib-18.12/tools/imglab/build/CMakeFiles/CMakeTmp'
/usr/bin/cmake -E cmake_progress_report /home/azbret/Projects/hog_svm/dlib-18.12/tools/imglab/build/CMakeFiles/CMakeTmp/CMakeFiles 1
Building CXX object CMakeFiles/cmTryCompileExec2962401128.dir/TestForSTDNamespace.cxx.o
/usr/bin/c++     -o CMakeFiles/cmTryCompileExec2962401128.dir/TestForSTDNamespace.cxx.o -c /usr/share/cmake/Modules/TestForSTDNamespace.cxx
Linking CXX executable cmTryCompileExec2962401128
/usr/bin/cmake -E cmake_link_script CMakeFiles/cmTryCompileExec2962401128.dir/link.txt --verbose=1
/usr/bin/c++        CMakeFiles/cmTryCompileExec2962401128.dir/TestForSTDNamespace.cxx.o  -o cmTryCompileExec2962401128 -rdynamic 
gmake[1]: Leaving directory `/home/azbret/Projects/hog_svm/dlib-18.12/tools/imglab/build/CMakeFiles/CMakeTmp'


Determining if the include file iostream exists passed with the following output:
Change Dir: /home/azbret/Projects/hog_svm/dlib-18.12/tools/imglab/build/CMakeFiles/CMakeTmp

Run Build Command:/usr/bin/gmake "cmTryCompileExec2425502601/fast"
/usr/bin/gmake -f CMakeFiles/cmTryCompileExec2425502601.dir/build.make CMakeFiles/cmTryCompileExec2425502601.dir/build
gmake[1]: Entering directory `/home/azbret/Projects/hog_svm/dlib-18.12/tools/imglab/build/CMakeFiles/CMakeTmp'
/usr/bin/cmake -E cmake_progress_report /home/azbret/Projects/hog_svm/dlib-18.12/tools/imglab/build/CMakeFiles/CMakeTmp/CMakeFiles 1
Building CXX object CMakeFiles/cmTryCompileExec2425502601.dir/CheckIncludeFile.cxx.o
/usr/bin/c++     -o CMakeFiles/cmTryCompileExec2425502601.dir/CheckIncludeFile.cxx.o -c /home/azbret/Projects/hog_svm/dlib-18.12/tools/imglab/build/CMakeFiles/CMakeTmp/CheckIncludeFile.cxx
Linking CXX executable cmTryCompileExec2425502601
/usr/bin/cmake -E cmake_link_script CMakeFiles/cmTryCompileExec2425502601.dir/link.txt --verbose=1
/usr/bin/c++        CMakeFiles/cmTryCompileExec2425502601.dir/CheckIncludeFile.cxx.o  -o cmTryCompileExec2425502601 -rdynamic 
gmake[1]: Leaving directory `/home/azbret/Projects/hog_svm/dlib-18.12/tools/imglab/build/CMakeFiles/CMakeTmp'


